2019-04-03 10:47:54,361 INFO o.s.b.StartupInfoLogger [main] Starting ExampleApplication on MacBook-Pro-de-David-6.local with PID 5404 (/Users/davidandrade/Downloads/example/target/classes started by davidandrade in /Users/davidandrade/Downloads/example)
2019-04-03 10:47:54,377 INFO o.s.b.SpringApplication [main] No active profile set, falling back to default profiles: default
2019-04-03 10:47:55,589 INFO o.s.d.r.c.RepositoryConfigurationDelegate [main] Bootstrapping Spring Data repositories in DEFAULT mode.
2019-04-03 10:47:55,716 INFO o.s.d.r.c.RepositoryConfigurationDelegate [main] Finished Spring Data repository scanning in 107ms. Found 1 repository interfaces.
2019-04-03 10:47:56,773 INFO o.s.c.s.PostProcessorRegistrationDelegate$BeanPostProcessorChecker [main] Bean 'org.springframework.transaction.annotation.ProxyTransactionManagementConfiguration' of type [org.springframework.transaction.annotation.ProxyTransactionManagementConfiguration$$EnhancerBySpringCGLIB$$23b3a346] is not eligible for getting processed by all BeanPostProcessors (for example: not eligible for auto-proxying)
2019-04-03 10:47:57,518 INFO o.s.b.w.e.t.TomcatWebServer [main] Tomcat initialized with port(s): 9087 (http)
2019-04-03 10:47:57,574 INFO o.a.j.l.DirectJDKLog [main] Initializing ProtocolHandler ["http-nio-9087"]
2019-04-03 10:47:57,623 INFO o.a.j.l.DirectJDKLog [main] Starting service [Tomcat]
2019-04-03 10:47:57,624 INFO o.a.j.l.DirectJDKLog [main] Starting Servlet engine: [Apache Tomcat/9.0.16]
2019-04-03 10:47:57,644 INFO o.a.j.l.DirectJDKLog [main] The APR based Apache Tomcat Native library which allows optimal performance in production environments was not found on the java.library.path: [/Users/davidandrade/Library/Java/Extensions:/Library/Java/Extensions:/Network/Library/Java/Extensions:/System/Library/Java/Extensions:/usr/lib/java:.]
2019-04-03 10:47:57,858 INFO o.a.j.l.DirectJDKLog [main] Initializing Spring embedded WebApplicationContext
2019-04-03 10:47:57,859 INFO o.s.b.w.s.c.ServletWebServerApplicationContext [main] Root WebApplicationContext: initialization completed in 3356 ms
2019-04-03 10:47:58,162 INFO c.z.h.HikariDataSource [main] HikariPool-1 - Starting...
2019-04-03 10:47:58,428 INFO c.z.h.HikariDataSource [main] HikariPool-1 - Start completed.
2019-04-03 10:47:58,650 INFO o.h.j.i.u.LogHelper [main] HHH000204: Processing PersistenceUnitInfo [
	name: default
	...]
2019-04-03 10:47:58,805 INFO o.h.Version [main] HHH000412: Hibernate Core {5.3.7.Final}
2019-04-03 10:47:58,808 INFO o.h.c.Environment [main] HHH000206: hibernate.properties not found
2019-04-03 10:47:59,201 INFO o.h.a.c.r.j.JavaReflectionManager [main] HCANN000001: Hibernate Commons Annotations {5.0.4.Final}
2019-04-03 10:47:59,489 INFO o.h.d.Dialect [main] HHH000400: Using dialect: org.hibernate.dialect.MySQL5Dialect
2019-04-03 10:48:00,657 INFO o.s.o.j.AbstractEntityManagerFactoryBean [main] Initialized JPA EntityManagerFactory for persistence unit 'default'
2019-04-03 10:48:01,854 INFO o.s.s.c.ExecutorConfigurationSupport [main] Initializing ExecutorService 'applicationTaskExecutor'
2019-04-03 10:48:01,955 WARN o.s.b.a.o.j.JpaBaseConfiguration$JpaWebConfiguration$JpaWebMvcConfiguration [main] spring.jpa.open-in-view is enabled by default. Therefore, database queries may be performed during view rendering. Explicitly configure spring.jpa.open-in-view to disable this warning
2019-04-03 10:48:02,330 INFO o.s.s.c.ExecutorConfigurationSupport [main] Initializing ExecutorService
2019-04-03 10:48:02,336 INFO o.a.j.l.DirectJDKLog [main] Starting ProtocolHandler ["http-nio-9087"]
2019-04-03 10:48:02,340 INFO c.d.e.e.TareasAutomaticas [my-scheduled-task-pool-1] Hi here is 10:48:02
2019-04-03 10:48:02,399 INFO o.h.h.i.QueryTranslatorFactoryInitiator [my-scheduled-task-pool-1] HHH000397: Using ASTQueryTranslatorFactory
2019-04-03 10:48:02,402 INFO o.s.b.w.e.t.TomcatWebServer [main] Tomcat started on port(s): 9087 (http) with context path ''
2019-04-03 10:48:02,407 INFO o.s.b.StartupInfoLogger [main] Started ExampleApplication in 8.947 seconds (JVM running for 11.492)
2019-04-03 10:48:02,713 INFO c.d.e.e.TareasAutomaticas [my-scheduled-task-pool-1] Usuario -> 23 nom:david.andrade@dyalogo.com
2019-04-03 10:48:02,714 INFO c.d.e.e.TareasAutomaticas [my-scheduled-task-pool-1] Usuario -> 29 nom:admin@dyalogo.com
2019-04-03 10:48:02,714 INFO c.d.e.e.TareasAutomaticas [my-scheduled-task-pool-1] Usuario -> 42 nom:blha@dyalogo.com
2019-04-03 10:48:02,715 INFO c.d.e.e.TareasAutomaticas [my-scheduled-task-pool-1] Usuario -> 55 nom:admin@dyalogo.com
2019-04-03 10:48:02,715 INFO c.d.e.e.TareasAutomaticas [my-scheduled-task-pool-1] Usuario -> 58 nom:agentepruebas@dyalogo.com
2019-04-03 10:48:02,715 INFO c.d.e.e.TareasAutomaticas [my-scheduled-task-pool-1] Usuario -> 59 nom:jackeline.valencia@vozsobreip.com.co
2019-04-03 10:48:02,716 INFO c.d.e.e.TareasAutomaticas [my-scheduled-task-pool-1] Usuario -> 60 nom:harold.vergel@vozsobreip.com.co
2019-04-03 10:48:02,716 INFO c.d.e.e.TareasAutomaticas [my-scheduled-task-pool-1] Usuario -> 61 nom:david.jaimes@vozsobreip.com.co
2019-04-03 10:48:02,716 INFO c.d.e.e.TareasAutomaticas [my-scheduled-task-pool-1] Usuario -> 62 nom:supervisor@vozsobreip.com.co
2019-04-03 10:48:02,717 INFO c.d.e.e.TareasAutomaticas [my-scheduled-task-pool-1] Usuario -> 63 nom:gelman.gonzalez@northwayservices.com.co
2019-04-03 10:48:02,717 INFO c.d.e.e.TareasAutomaticas [my-scheduled-task-pool-1] Usuario -> 64 nom:jorge.fonca@dyalogo.com
2019-04-03 10:48:02,717 INFO c.d.e.e.TareasAutomaticas [my-scheduled-task-pool-1] Usuario -> 65 nom:john.castellanos@vozsobreip.com.co
2019-04-03 10:48:02,718 INFO c.d.e.e.TareasAutomaticas [my-scheduled-task-pool-1] Usuario -> 66 nom:jgiron9001@gmail.com
2019-04-03 10:48:02,718 INFO c.d.e.e.TareasAutomaticas [my-scheduled-task-pool-1] Usuario -> 70 nom:test1@dyalogo.com
2019-04-03 10:48:02,718 INFO c.d.e.e.TareasAutomaticas [my-scheduled-task-pool-1] Usuario -> 71 nom:camila.vasquez@vozsobreip.com.co
2019-04-03 10:48:02,718 INFO c.d.e.e.TareasAutomaticas [my-scheduled-task-pool-1] Usuario -> 72 nom:leidy.velasquez@vozsobreip.com.co
2019-04-03 10:48:02,719 INFO c.d.e.e.TareasAutomaticas [my-scheduled-task-pool-1] Usuario -> 73 nom:nayibe.gordillo@vozsobreip.com.co
2019-04-03 10:48:02,719 INFO c.d.e.e.TareasAutomaticas [my-scheduled-task-pool-1] Usuario -> 74 nom:karen.becerra@vozsobreip.com.co
2019-04-03 10:48:02,720 INFO c.d.e.e.TareasAutomaticas [my-scheduled-task-pool-1] Usuario -> 75 nom:dania.piracoca@vozsobreip.com.co
2019-04-03 10:48:02,720 INFO c.d.e.e.TareasAutomaticas [my-scheduled-task-pool-1] Usuario -> 76 nom:daniel.ortiz@vozsobreip.com.co
2019-04-03 10:48:02,721 INFO c.d.e.e.TareasAutomaticas [my-scheduled-task-pool-1] Usuario -> 77 nom:harold.samudio@vozsobreip.com.co
2019-04-03 10:48:02,721 INFO c.d.e.e.TareasAutomaticas [my-scheduled-task-pool-1] Usuario -> 78 nom:luis.castro@vozsobreip.com.co
2019-04-03 10:48:02,722 INFO c.d.e.e.TareasAutomaticas [my-scheduled-task-pool-1] Usuario -> 79 nom:alixon.cortes@vozsobreip.com.co
2019-04-03 10:48:02,722 INFO c.d.e.e.TareasAutomaticas [my-scheduled-task-pool-1] Usuario -> 83 nom:ANTESGRESIA
2019-04-03 10:48:02,722 INFO c.d.e.e.TareasAutomaticas [my-scheduled-task-pool-1] Usuario -> 84 nom:gestionb@bpoaltum.com
2019-04-03 10:48:02,723 INFO c.d.e.e.TareasAutomaticas [my-scheduled-task-pool-1] Usuario -> 85 nom:leidy.portilla@dyalogo.com
2019-04-03 10:48:02,723 INFO c.d.e.e.TareasAutomaticas [my-scheduled-task-pool-1] Usuario -> 86 nom:claudiag@acdecc.org
2019-04-03 10:48:02,723 INFO c.d.e.e.TareasAutomaticas [my-scheduled-task-pool-1] Usuario -> 87 nom:1
2019-04-03 10:48:02,724 INFO c.d.e.e.TareasAutomaticas [my-scheduled-task-pool-1] Usuario -> 88 nom:2
2019-04-03 10:48:02,724 INFO c.d.e.e.TareasAutomaticas [my-scheduled-task-pool-1] Usuario -> 90 nom:variable1@vozsobreip.com.co
2019-04-03 10:48:02,724 INFO c.d.e.e.TareasAutomaticas [my-scheduled-task-pool-1] Usuario -> 91 nom:variable2@vozsobreip.com.co
2019-04-03 10:48:02,725 INFO c.d.e.e.TareasAutomaticas [my-scheduled-task-pool-1] Usuario -> 92 nom:mvilla@orcanizacioncardenas.com
2019-04-03 10:48:02,725 INFO c.d.e.e.TareasAutomaticas [my-scheduled-task-pool-1] Usuario -> 93 nom:kjaimes@organizacioncardenas.com
2019-04-03 10:48:02,725 INFO c.d.e.e.TareasAutomaticas [my-scheduled-task-pool-1] Usuario -> 95 nom:mvilla@organizacioncardenas.com
2019-04-03 10:48:02,725 INFO c.d.e.e.TareasAutomaticas [my-scheduled-task-pool-1] Usuario -> 96 nom:variable3@vozsobreip.com.co
2019-04-03 10:48:02,726 INFO c.d.e.e.TareasAutomaticas [my-scheduled-task-pool-1] Usuario -> 97 nom:variable4@vozsobreip.com.co
2019-04-03 10:48:02,726 INFO c.d.e.e.TareasAutomaticas [my-scheduled-task-pool-1] Usuario -> 98 nom:variable5@vozsobreip.com.co
2019-04-03 10:48:02,726 INFO c.d.e.e.TareasAutomaticas [my-scheduled-task-pool-1] Usuario -> 99 nom:auxiliar4.admisiones@konradlorenz.edu.co
2019-04-03 10:48:02,726 INFO c.d.e.e.TareasAutomaticas [my-scheduled-task-pool-1] Usuario -> 100 nom:auxiliar5.admisiones@konradlorenz.edu.co
2019-04-03 10:48:02,727 INFO c.d.e.e.TareasAutomaticas [my-scheduled-task-pool-1] Usuario -> 101 nom:bidda@bidda.com
2019-04-03 10:48:02,727 INFO c.d.e.e.TareasAutomaticas [my-scheduled-task-pool-1] Usuario -> 102 nom:lmelendezage@femclinic.com.co
2019-04-03 10:48:02,728 INFO c.d.e.e.TareasAutomaticas [my-scheduled-task-pool-1] Usuario -> 103 nom:josegiron@josegiron.cf
2019-04-03 10:48:02,728 INFO c.d.e.e.TareasAutomaticas [my-scheduled-task-pool-1] Usuario -> 105 nom:rayala@bayport.com.co
2019-04-03 10:48:02,728 INFO c.d.e.e.TareasAutomaticas [my-scheduled-task-pool-1] Usuario -> 107 nom:atiga@bayport.com.co
2019-04-03 10:48:02,728 INFO c.d.e.e.TareasAutomaticas [my-scheduled-task-pool-1] Usuario -> 108 nom:vtinjaca@bayport.com.co
2019-04-03 10:48:02,729 INFO c.d.e.e.TareasAutomaticas [my-scheduled-task-pool-1] Usuario -> 109 nom:lganzo@bayport.com.co
2019-04-03 10:48:02,729 INFO c.d.e.e.TareasAutomaticas [my-scheduled-task-pool-1] Usuario -> 110 nom:jgarzon@bayport.com.co
2019-04-03 10:48:02,729 INFO c.d.e.e.TareasAutomaticas [my-scheduled-task-pool-1] Usuario -> 111 nom:agenteunocisa@cisa.chat.com
2019-04-03 10:48:02,730 INFO c.d.e.e.TareasAutomaticas [my-scheduled-task-pool-1] Usuario -> 112 nom:agentedoscisa@cisa.chat.com
2019-04-03 10:48:02,730 INFO c.d.e.e.TareasAutomaticas [my-scheduled-task-pool-1] Usuario -> 113 nom:supervisor@cisa.chat.com
2019-04-03 10:48:02,730 INFO c.d.e.e.TareasAutomaticas [my-scheduled-task-pool-1] Usuario -> 114 nom:david.andrade@dyalogo.com
2019-04-03 10:48:02,731 INFO c.d.e.e.TareasAutomaticas [my-scheduled-task-pool-1] Usuario -> 115 nom:erick.munoz@it4tec.com
2019-04-03 10:48:02,731 INFO c.d.e.e.TareasAutomaticas [my-scheduled-task-pool-1] Usuario -> 116 nom:leidy.portilla@it4tec.com
2019-04-03 10:48:02,731 INFO c.d.e.e.TareasAutomaticas [my-scheduled-task-pool-1] Usuario -> 118 nom:lcorrea@novafem.com.co
2019-04-03 10:48:02,732 INFO c.d.e.e.TareasAutomaticas [my-scheduled-task-pool-1] Usuario -> 119 nom:NRODRIGUEZ@GMAIL.COM
2019-04-03 10:48:02,732 INFO c.d.e.e.TareasAutomaticas [my-scheduled-task-pool-1] Usuario -> 120 nom:omar.castaneda@dyalogo.com
2019-04-03 10:48:02,733 INFO c.d.e.e.TareasAutomaticas [my-scheduled-task-pool-1] Usuario -> 121 nom:JPARRA@GMAIL.COM
2019-04-03 10:48:02,733 INFO c.d.e.e.TareasAutomaticas [my-scheduled-task-pool-1] Usuario -> 122 nom:JPENA@GMAIL.COM
2019-04-03 10:48:02,733 INFO c.d.e.e.TareasAutomaticas [my-scheduled-task-pool-1] Usuario -> 123 nom:CPENA@GMAIL.COM
2019-04-03 10:48:02,734 INFO c.d.e.e.TareasAutomaticas [my-scheduled-task-pool-1] Usuario -> 124 nom:WREYES@GMAIL.COM
2019-04-03 10:48:02,734 INFO c.d.e.e.TareasAutomaticas [my-scheduled-task-pool-1] Usuario -> 125 nom:xnoguera@novafem.com.co
2019-04-03 10:48:02,734 INFO c.d.e.e.TareasAutomaticas [my-scheduled-task-pool-1] Usuario -> 126 nom:joseDavid@gmail.com
2019-04-03 10:48:02,735 INFO c.d.e.e.TareasAutomaticas [my-scheduled-task-pool-1] Usuario -> 127 nom:joseDavid@gmail.co
2019-04-03 10:48:02,735 INFO c.d.e.e.TareasAutomaticas [my-scheduled-task-pool-1] Usuario -> 128 nom:keinipaez@gmai.com
2019-04-03 10:48:02,735 INFO c.d.e.e.TareasAutomaticas [my-scheduled-task-pool-1] Usuario -> 129 nom:josegiron@outlook.es
2019-04-03 10:48:02,735 INFO c.d.e.e.TareasAutomaticas [my-scheduled-task-pool-1] Usuario -> 130 nom:keinipaez@gmai.com.co
2019-04-03 10:48:02,736 INFO c.d.e.e.TareasAutomaticas [my-scheduled-task-pool-1] Usuario -> 131 nom:leidy.portillav@gmail.com
2019-04-03 10:48:02,737 INFO c.d.e.e.TareasAutomaticas [my-scheduled-task-pool-1] Usuario -> 132 nom:agente.demo@dyalogo.com
2019-04-03 10:48:02,737 INFO c.d.e.e.TareasAutomaticas [my-scheduled-task-pool-1] Usuario -> 133 nom:vrodriguez@colvatel.com
2019-04-03 10:48:02,737 INFO c.d.e.e.TareasAutomaticas [my-scheduled-task-pool-1] Usuario -> 134 nom:asaavedra@colvatel.com
2019-04-03 10:48:02,739 INFO c.d.e.e.TareasAutomaticas [my-scheduled-task-pool-1] Usuario -> 135 nom:eescobar@colvatel.com
2019-04-03 10:48:02,739 INFO c.d.e.e.TareasAutomaticas [my-scheduled-task-pool-1] Usuario -> 136 nom:apineda@colvatel.com
2019-04-03 10:48:02,739 INFO c.d.e.e.TareasAutomaticas [my-scheduled-task-pool-1] Usuario -> 137 nom:bromero@colvatel.com
2019-04-03 10:48:02,740 INFO c.d.e.e.TareasAutomaticas [my-scheduled-task-pool-1] Usuario -> 138 nom:hararat@colvatel.com
2019-04-03 10:48:02,740 INFO c.d.e.e.TareasAutomaticas [my-scheduled-task-pool-1] Usuario -> 139 nom:crojas@colvatel.com
2019-04-03 10:48:02,740 INFO c.d.e.e.TareasAutomaticas [my-scheduled-task-pool-1] Usuario -> 140 nom:mromero@colvatel.com
2019-04-03 10:48:02,741 INFO c.d.e.e.TareasAutomaticas [my-scheduled-task-pool-1] Usuario -> 141 nom:jaranguren@colvatel.com
2019-04-03 10:48:02,741 INFO c.d.e.e.TareasAutomaticas [my-scheduled-task-pool-1] Usuario -> 142 nom:aromero@colvatel.com
2019-04-03 10:48:02,742 INFO c.d.e.e.TareasAutomaticas [my-scheduled-task-pool-1] Usuario -> 143 nom:ilinares@colvatel.com
2019-04-03 10:48:02,742 INFO c.d.e.e.TareasAutomaticas [my-scheduled-task-pool-1] Usuario -> 144 nom:nhernandez@colvatel.com
2019-04-03 10:48:02,743 INFO c.d.e.e.TareasAutomaticas [my-scheduled-task-pool-1] Usuario -> 145 nom:alozano@colvatel.com
2019-04-03 10:48:02,744 INFO c.d.e.e.TareasAutomaticas [my-scheduled-task-pool-1] Usuario -> 146 nom:lmiranda@colvatel.co
2019-04-03 10:48:02,744 INFO c.d.e.e.TareasAutomaticas [my-scheduled-task-pool-1] Usuario -> 147 nom:kavantic1@kavantic.com
2019-04-03 10:48:02,745 INFO c.d.e.e.TareasAutomaticas [my-scheduled-task-pool-1] Usuario -> 148 nom:kavantic2@kavantic.com
2019-04-03 10:48:02,746 INFO c.d.e.e.TareasAutomaticas [my-scheduled-task-pool-1] Usuario -> 149 nom:kavantic3@kavantic.com
2019-04-03 10:48:02,746 INFO c.d.e.e.TareasAutomaticas [my-scheduled-task-pool-1] Usuario -> 150 nom:kavantic4@kavantic.com
2019-04-03 10:48:02,747 INFO c.d.e.e.TareasAutomaticas [my-scheduled-task-pool-1] Usuario -> 151 nom:kavantic5@kavantic.com
2019-04-03 10:48:02,748 INFO c.d.e.e.TareasAutomaticas [my-scheduled-task-pool-1] Usuario -> 152 nom:kavantic6@kavantic.com
2019-04-03 10:48:02,749 INFO c.d.e.e.TareasAutomaticas [my-scheduled-task-pool-1] Usuario -> 153 nom:kavantic7@kavantic.com
2019-04-03 10:48:02,749 INFO c.d.e.e.TareasAutomaticas [my-scheduled-task-pool-1] Usuario -> 154 nom:kavantic8@kavantic.com
2019-04-03 10:48:02,749 INFO c.d.e.e.TareasAutomaticas [my-scheduled-task-pool-1] Usuario -> 155 nom:lmelendezadm@femclinic.com.co
2019-04-03 10:48:02,750 INFO c.d.e.e.TareasAutomaticas [my-scheduled-task-pool-1] Usuario -> 156 nom:reportes@bidda.com
2019-04-03 10:48:02,750 INFO c.d.e.e.TareasAutomaticas [my-scheduled-task-pool-1] Usuario -> 157 nom:ocardenas@ocardenas.com
2019-04-03 10:48:02,750 INFO c.d.e.e.TareasAutomaticas [my-scheduled-task-pool-1] Usuario -> 158 nom:CALLQUIBDO1@CALLQUIBDO.COM
2019-04-03 10:48:02,751 INFO c.d.e.e.TareasAutomaticas [my-scheduled-task-pool-1] Usuario -> 159 nom:CALLQUIBDO2@CALLQUIBDO.COM
2019-04-03 10:48:02,751 INFO c.d.e.e.TareasAutomaticas [my-scheduled-task-pool-1] Usuario -> 160 nom:variable1@dyalogo.com
2019-04-03 10:48:02,751 INFO c.d.e.e.TareasAutomaticas [my-scheduled-task-pool-1] Usuario -> 161 nom:variable2@dyalogo.com
2019-04-03 10:48:02,751 INFO c.d.e.e.TareasAutomaticas [my-scheduled-task-pool-1] Usuario -> 162 nom:variable4@dyalogo.com
2019-04-03 10:48:02,752 INFO c.d.e.e.TareasAutomaticas [my-scheduled-task-pool-1] Usuario -> 163 nom:aespitia@femclinic.com.co
2019-04-03 10:48:02,752 INFO c.d.e.e.TareasAutomaticas [my-scheduled-task-pool-1] Usuario -> 168 nom:jcellamen@bayport.com.co
2019-04-03 10:48:02,752 INFO c.d.e.e.TareasAutomaticas [my-scheduled-task-pool-1] Usuario -> 172 nom:jmunoz@bayport.com.co
2019-04-03 10:48:02,753 INFO c.d.e.e.TareasAutomaticas [my-scheduled-task-pool-1] Usuario -> 173 nom:ncely@bayport.com.co
2019-04-03 10:48:02,753 INFO c.d.e.e.TareasAutomaticas [my-scheduled-task-pool-1] Usuario -> 174 nom:afonseca@bayport.com.co
2019-04-03 10:48:02,753 INFO c.d.e.e.TareasAutomaticas [my-scheduled-task-pool-1] Usuario -> 176 nom:Amoreno@bayport.com.co
2019-04-03 10:48:02,753 INFO c.d.e.e.TareasAutomaticas [my-scheduled-task-pool-1] Usuario -> 177 nom:juan.munoz@bayport.com.co
2019-04-03 10:48:02,754 INFO c.d.e.e.TareasAutomaticas [my-scheduled-task-pool-1] Usuario -> 178 nom:wjcastellanos@dispapeles.com
2019-04-03 10:48:02,754 INFO c.d.e.e.TareasAutomaticas [my-scheduled-task-pool-1] Usuario -> 179 nom:lcarolinam@variables.com.co
2019-04-03 10:48:02,755 INFO c.d.e.e.TareasAutomaticas [my-scheduled-task-pool-1] Usuario -> 181 nom:daycastro@bayport.com.co
2019-04-03 10:48:02,755 INFO c.d.e.e.TareasAutomaticas [my-scheduled-task-pool-1] Usuario -> 182 nom:luzstella@variables.com.co
2019-04-03 10:48:02,755 INFO c.d.e.e.TareasAutomaticas [my-scheduled-task-pool-1] Usuario -> 183 nom:servicioalcliente@masgol.co
2019-04-03 10:48:02,756 INFO c.d.e.e.TareasAutomaticas [my-scheduled-task-pool-1] Usuario -> 184 nom:soporte@masgol.co
2019-04-03 10:48:02,756 INFO c.d.e.e.TareasAutomaticas [my-scheduled-task-pool-1] Usuario -> 185 nom:servicioalcliente2@masgol.co
2019-04-03 10:48:02,756 INFO c.d.e.e.TareasAutomaticas [my-scheduled-task-pool-1] Usuario -> 186 nom:dayacastro@bayport.com
2019-04-03 10:48:02,757 INFO c.d.e.e.TareasAutomaticas [my-scheduled-task-pool-1] Usuario -> 187 nom:mesadeayuda3@dyalogo.com
2019-04-03 10:48:02,757 INFO c.d.e.e.TareasAutomaticas [my-scheduled-task-pool-1] Usuario -> 188 nom:mesadeayuda3@dyalogo.com
2019-04-03 10:48:02,757 INFO c.d.e.e.TareasAutomaticas [my-scheduled-task-pool-1] Usuario -> 189 nom:jmunoz@bayport.com
2019-04-03 10:48:02,758 INFO c.d.e.e.TareasAutomaticas [my-scheduled-task-pool-1] Usuario -> 190 nom:carlos@uniagraria.com
2019-04-03 10:48:02,758 INFO c.d.e.e.TareasAutomaticas [my-scheduled-task-pool-1] Usuario -> 191 nom:isec@reportes.com
2019-04-03 10:48:02,758 INFO c.d.e.e.TareasAutomaticas [my-scheduled-task-pool-1] Usuario -> 192 nom:@
2019-04-03 10:48:02,759 INFO c.d.e.e.TareasAutomaticas [my-scheduled-task-pool-1] Usuario -> 194 nom:agente@mercadoni.com
2019-04-03 10:48:02,759 INFO c.d.e.e.TareasAutomaticas [my-scheduled-task-pool-1] Usuario -> 195 nom:vmora@tools.com
2019-04-03 10:48:02,759 INFO c.d.e.e.TareasAutomaticas [my-scheduled-task-pool-1] Usuario -> 197 nom:nromero@tools.com
2019-04-03 10:48:02,760 INFO c.d.e.e.TareasAutomaticas [my-scheduled-task-pool-1] Usuario -> 198 nom:jlopez@tools.com
2019-04-03 10:48:02,760 INFO c.d.e.e.TareasAutomaticas [my-scheduled-task-pool-1] Usuario -> 199 nom:hmora@tools.com
2019-04-03 10:48:02,760 INFO c.d.e.e.TareasAutomaticas [my-scheduled-task-pool-1] Usuario -> 200 nom:ancamacho@tools.com
2019-04-03 10:48:02,760 INFO c.d.e.e.TareasAutomaticas [my-scheduled-task-pool-1] Usuario -> 201 nom:PruebasOmar@vulnerable.com
2019-04-03 10:48:02,761 INFO c.d.e.e.TareasAutomaticas [my-scheduled-task-pool-1] Usuario -> 202 nom:@
2019-04-03 10:48:02,761 INFO c.d.e.e.TareasAutomaticas [my-scheduled-task-pool-1] Usuario -> 203 nom:@
2019-04-03 10:48:02,761 INFO c.d.e.e.TareasAutomaticas [my-scheduled-task-pool-1] Usuario -> 204 nom:mercadoni1@mercadoni.com
2019-04-03 10:48:02,762 INFO c.d.e.e.TareasAutomaticas [my-scheduled-task-pool-1] Usuario -> 205 nom:mercadoni2@mercadoni.com
2019-04-03 10:48:02,762 INFO c.d.e.e.TareasAutomaticas [my-scheduled-task-pool-1] Usuario -> 206 nom:@
2019-04-03 10:48:02,762 INFO c.d.e.e.TareasAutomaticas [my-scheduled-task-pool-1] Usuario -> 207 nom:jeisson.garcia@mercadoni.com
2019-04-03 10:48:02,763 INFO c.d.e.e.TareasAutomaticas [my-scheduled-task-pool-1] Usuario -> 208 nom:julian.rincon@mercadoni.com
2019-04-03 10:48:02,763 INFO c.d.e.e.TareasAutomaticas [my-scheduled-task-pool-1] Usuario -> 209 nom:andrea.veliz@mercadoni.com
2019-04-03 10:48:02,763 INFO c.d.e.e.TareasAutomaticas [my-scheduled-task-pool-1] Usuario -> 210 nom:alfredo.avila@mercadoni.com
2019-04-03 10:48:02,763 INFO c.d.e.e.TareasAutomaticas [my-scheduled-task-pool-1] Usuario -> 211 nom:xabier.sarrias@mercadoni.com
2019-04-03 10:48:02,764 INFO c.d.e.e.TareasAutomaticas [my-scheduled-task-pool-1] Usuario -> 212 nom:danny.galindo@mercadoni.com
2019-04-03 10:48:02,764 INFO c.d.e.e.TareasAutomaticas [my-scheduled-task-pool-1] Usuario -> 213 nom:jennifer.luna@mercadoni.com
2019-04-03 10:48:02,764 INFO c.d.e.e.TareasAutomaticas [my-scheduled-task-pool-1] Usuario -> 214 nom:alejandro.baez@mercadoni.com
2019-04-03 10:48:02,765 INFO c.d.e.e.TareasAutomaticas [my-scheduled-task-pool-1] Usuario -> 215 nom:mercadoni11@mercadoni.com
2019-04-03 10:48:02,765 INFO c.d.e.e.TareasAutomaticas [my-scheduled-task-pool-1] Usuario -> 216 nom:mercadoni12@mercadoni.com
2019-04-03 10:48:02,765 INFO c.d.e.e.TareasAutomaticas [my-scheduled-task-pool-1] Usuario -> 217 nom:@
2019-04-03 10:48:02,766 INFO c.d.e.e.TareasAutomaticas [my-scheduled-task-pool-1] Usuario -> 218 nom:jpineros@tutordoctor.com.co
2019-04-03 10:48:02,766 INFO c.d.e.e.TareasAutomaticas [my-scheduled-task-pool-1] Usuario -> 219 nom:ipsservices@gmail.com
2019-04-03 10:48:02,766 INFO c.d.e.e.TareasAutomaticas [my-scheduled-task-pool-1] Usuario -> 220 nom:ipsservices2@gmail.com
2019-04-03 10:48:02,767 INFO c.d.e.e.TareasAutomaticas [my-scheduled-task-pool-1] Usuario -> 221 nom:ipsservices3@gmail.com
2019-04-03 10:48:02,767 INFO c.d.e.e.TareasAutomaticas [my-scheduled-task-pool-1] Usuario -> 222 nom:ipsservices4@gmail.com
2019-04-03 10:48:02,768 INFO c.d.e.e.TareasAutomaticas [my-scheduled-task-pool-1] Usuario -> 223 nom:agentetutor1@tutor.com
2019-04-03 10:48:02,768 INFO c.d.e.e.TareasAutomaticas [my-scheduled-task-pool-1] Usuario -> 224 nom:tutordoctor1@tutor.com
2019-04-03 10:48:02,768 INFO c.d.e.e.TareasAutomaticas [my-scheduled-task-pool-1] Usuario -> 225 nom:@
2019-04-03 10:48:02,769 INFO c.d.e.e.TareasAutomaticas [my-scheduled-task-pool-1] Usuario -> 226 nom:hmedina@lafam.com
2019-04-03 10:48:02,769 INFO c.d.e.e.TareasAutomaticas [my-scheduled-task-pool-1] Usuario -> 227 nom:dlemus@lafam.com
2019-04-03 10:48:02,769 INFO c.d.e.e.TareasAutomaticas [my-scheduled-task-pool-1] Usuario -> 228 nom:agentesalida1@dyalogo.com
2019-04-03 10:48:02,769 INFO c.d.e.e.TareasAutomaticas [my-scheduled-task-pool-1] Usuario -> 229 nom:agentesalida2@dyalogo.com
2019-04-03 10:48:02,770 INFO c.d.e.e.TareasAutomaticas [my-scheduled-task-pool-1] Usuario -> 230 nom:agentesalida3@dyalogo.com
2019-04-03 10:48:02,771 INFO c.d.e.e.TareasAutomaticas [my-scheduled-task-pool-1] Usuario -> 231 nom:anunciosdestacados@fincaraiz.com.co
2019-04-03 10:48:02,771 INFO c.d.e.e.TareasAutomaticas [my-scheduled-task-pool-1] Usuario -> 232 nom:agente1@organizacioncardenas.com.co
2019-04-03 10:48:02,772 INFO c.d.e.e.TareasAutomaticas [my-scheduled-task-pool-1] Usuario -> 233 nom:usuario1@organizacioncardenas.com.co
2019-04-03 10:48:02,772 INFO c.d.e.e.TareasAutomaticas [my-scheduled-task-pool-1] Usuario -> 234 nom:usuario2@organizacioncardenas.com.co
2019-04-03 10:48:02,772 INFO c.d.e.e.TareasAutomaticas [my-scheduled-task-pool-1] Usuario -> 235 nom:usuario4@organizacioncardenas.com.co
2019-04-03 10:48:02,773 INFO c.d.e.e.TareasAutomaticas [my-scheduled-task-pool-1] Usuario -> 236 nom:usuario5@organizacioncardenas.com.co
2019-04-03 10:48:02,773 INFO c.d.e.e.TareasAutomaticas [my-scheduled-task-pool-1] Usuario -> 237 nom:usuario3@organizacioncardenas.com.co
2019-04-03 10:48:02,773 INFO c.d.e.e.TareasAutomaticas [my-scheduled-task-pool-1] Usuario -> 238 nom:asesordetodo1@infinitum.com
2019-04-03 10:48:02,773 INFO c.d.e.e.TareasAutomaticas [my-scheduled-task-pool-1] Usuario -> 239 nom:asesordetodo2@infinitum.com
2019-04-03 10:48:02,774 INFO c.d.e.e.TareasAutomaticas [my-scheduled-task-pool-1] Usuario -> 240 nom:asesordetodo3@infinitum.com
2019-04-03 10:48:02,775 INFO c.d.e.e.TareasAutomaticas [my-scheduled-task-pool-1] Usuario -> 241 nom:destacatuanuncio@fincaraiz.com.co
2019-04-03 10:48:02,776 INFO c.d.e.e.TareasAutomaticas [my-scheduled-task-pool-1] Usuario -> 242 nom:asesor1@beneficiar.com.co
2019-04-03 10:48:02,777 INFO c.d.e.e.TareasAutomaticas [my-scheduled-task-pool-1] Usuario -> 244 nom:asesor7@beneficiar.com.co
2019-04-03 10:48:02,778 INFO c.d.e.e.TareasAutomaticas [my-scheduled-task-pool-1] Usuario -> 245 nom:monitoreo@bayport.com.co
2019-04-03 10:48:02,779 INFO c.d.e.e.TareasAutomaticas [my-scheduled-task-pool-1] Usuario -> 246 nom:@
2019-04-03 10:48:02,780 INFO c.d.e.e.TareasAutomaticas [my-scheduled-task-pool-1] Usuario -> 247 nom:asesor1@cencabo.com
2019-04-03 10:48:02,781 INFO c.d.e.e.TareasAutomaticas [my-scheduled-task-pool-1] Usuario -> 248 nom:asesor2@cencabo.com
2019-04-03 10:48:02,781 INFO c.d.e.e.TareasAutomaticas [my-scheduled-task-pool-1] Usuario -> 249 nom:asesor3@cencabo.com
2019-04-03 10:48:02,782 INFO c.d.e.e.TareasAutomaticas [my-scheduled-task-pool-1] Usuario -> 250 nom:asesor4@cencabo.com
2019-04-03 10:48:02,782 INFO c.d.e.e.TareasAutomaticas [my-scheduled-task-pool-1] Usuario -> 251 nom:asesor5@cencabo.com
2019-04-03 10:48:02,782 INFO c.d.e.e.TareasAutomaticas [my-scheduled-task-pool-1] Usuario -> 252 nom:asesor6@cencabo.com
2019-04-03 10:48:02,782 INFO c.d.e.e.TareasAutomaticas [my-scheduled-task-pool-1] Usuario -> 253 nom:asesor7@cencabo.com
2019-04-03 10:48:02,783 INFO c.d.e.e.TareasAutomaticas [my-scheduled-task-pool-1] Usuario -> 254 nom:asesor8@cencabo.com
2019-04-03 10:48:02,783 INFO c.d.e.e.TareasAutomaticas [my-scheduled-task-pool-1] Usuario -> 255 nom:asesor9@cencabo.com
2019-04-03 10:48:02,783 INFO c.d.e.e.TareasAutomaticas [my-scheduled-task-pool-1] Usuario -> 256 nom:asesor10@cencabo.com
2019-04-03 10:48:02,783 INFO c.d.e.e.TareasAutomaticas [my-scheduled-task-pool-1] Usuario -> 257 nom:asesor11@cencabo.com
2019-04-03 10:48:02,784 INFO c.d.e.e.TareasAutomaticas [my-scheduled-task-pool-1] Usuario -> 258 nom:asesor12@cencabo.com
2019-04-03 10:48:02,784 INFO c.d.e.e.TareasAutomaticas [my-scheduled-task-pool-1] Usuario -> 259 nom:asesor13@cencabo.com
2019-04-03 10:48:02,784 INFO c.d.e.e.TareasAutomaticas [my-scheduled-task-pool-1] Usuario -> 260 nom:asesor14@cencabo.com
2019-04-03 10:48:02,785 INFO c.d.e.e.TareasAutomaticas [my-scheduled-task-pool-1] Usuario -> 261 nom:asesor15@cencabo.com
2019-04-03 10:48:02,785 INFO c.d.e.e.TareasAutomaticas [my-scheduled-task-pool-1] Usuario -> 262 nom:supervisor@beneficiar.com
2019-04-03 10:48:02,786 INFO c.d.e.e.TareasAutomaticas [my-scheduled-task-pool-1] Usuario -> 263 nom:ingri.avendano@fincaraiz.com.co
2019-04-03 10:48:02,786 INFO c.d.e.e.TareasAutomaticas [my-scheduled-task-pool-1] Usuario -> 264 nom:agenteisec@vozsobreip.com
2019-04-03 10:48:02,787 INFO c.d.e.e.TareasAutomaticas [my-scheduled-task-pool-1] Usuario -> 265 nom:asesor@cencabo11.com
2019-04-03 10:48:02,787 INFO c.d.e.e.TareasAutomaticas [my-scheduled-task-pool-1] Usuario -> 266 nom:asesor@cencabo15.com
2019-04-03 10:48:02,787 INFO c.d.e.e.TareasAutomaticas [my-scheduled-task-pool-1] Usuario -> 267 nom:supervisor@cencabo.com
2019-04-03 10:48:02,788 INFO c.d.e.e.TareasAutomaticas [my-scheduled-task-pool-1] Usuario -> 268 nom:admin@bayport.com
2019-04-03 10:48:02,788 INFO c.d.e.e.TareasAutomaticas [my-scheduled-task-pool-1] Usuario -> 269 nom:agentetd@tutor.com
2019-04-03 10:48:02,788 INFO c.d.e.e.TareasAutomaticas [my-scheduled-task-pool-1] Usuario -> 270 nom:Kpaez9405@gmail.com
2019-04-03 10:48:02,789 INFO c.d.e.e.TareasAutomaticas [my-scheduled-task-pool-1] Usuario -> 271 nom:KeiniPaez@gmail.com
2019-04-03 10:48:02,789 INFO c.d.e.e.TareasAutomaticas [my-scheduled-task-pool-1] Usuario -> 272 nom:lady.ochoa@bayport.com.co
2019-04-03 10:48:02,789 INFO c.d.e.e.TareasAutomaticas [my-scheduled-task-pool-1] Usuario -> 273 nom:andresgarzon@isec.com
2019-04-03 10:48:02,790 INFO c.d.e.e.TareasAutomaticas [my-scheduled-task-pool-1] Usuario -> 274 nom:gestion.inmobiliaria@fincaraiz.com.co
2019-04-03 10:48:02,790 INFO c.d.e.e.TareasAutomaticas [my-scheduled-task-pool-1] Usuario -> 275 nom:laurapinzon@famedic.com
2019-04-03 10:48:02,790 INFO c.d.e.e.TareasAutomaticas [my-scheduled-task-pool-1] Usuario -> 276 nom:tupperware1@tupperware.com
2019-04-03 10:48:02,792 INFO c.d.e.e.TareasAutomaticas [my-scheduled-task-pool-1] Usuario -> 277 nom:31306483@globalvoz.net
2019-04-03 10:48:02,792 INFO c.d.e.e.TareasAutomaticas [my-scheduled-task-pool-1] Usuario -> 278 nom:29974490@globalvoz.net
2019-04-03 10:48:02,793 INFO c.d.e.e.TareasAutomaticas [my-scheduled-task-pool-1] Usuario -> 279 nom:1234189149@globalvoz.net
2019-04-03 10:48:02,793 INFO c.d.e.e.TareasAutomaticas [my-scheduled-task-pool-1] Usuario -> 280 nom:1113646696@globalvoz.net
2019-04-03 10:48:02,793 INFO c.d.e.e.TareasAutomaticas [my-scheduled-task-pool-1] Usuario -> 281 nom:1130640637@globalvoz.net
2019-04-03 10:48:02,793 INFO c.d.e.e.TareasAutomaticas [my-scheduled-task-pool-1] Usuario -> 282 nom:monitoreo@beneficiar.com
2019-04-03 10:48:02,794 INFO c.d.e.e.TareasAutomaticas [my-scheduled-task-pool-1] Usuario -> 285 nom:viviana.bajaire@lafam.com
2019-04-03 10:48:02,794 INFO c.d.e.e.TareasAutomaticas [my-scheduled-task-pool-1] Usuario -> 286 nom:wilson.bohorquez@dyalogo.com
2019-04-03 10:48:02,794 INFO c.d.e.e.TareasAutomaticas [my-scheduled-task-pool-1] Usuario -> 287 nom:servicliente@globalvoz.net
2019-04-03 10:48:02,794 INFO c.d.e.e.TareasAutomaticas [my-scheduled-task-pool-1] Usuario -> 288 nom:supervisorbpo@dyalogo.com
2019-04-03 10:48:02,795 INFO c.d.e.e.TareasAutomaticas [my-scheduled-task-pool-1] Usuario -> 289 nom:inpahu1@dyalogo.com
2019-04-03 10:48:02,795 INFO c.d.e.e.TareasAutomaticas [my-scheduled-task-pool-1] Usuario -> 290 nom:VENTAS@DYALOGO.COM
2019-04-03 10:48:02,795 INFO c.d.e.e.TareasAutomaticas [my-scheduled-task-pool-1] Usuario -> 291 nom:callcenter1@dyalogo.com
2019-04-03 10:48:02,796 INFO c.d.e.e.TareasAutomaticas [my-scheduled-task-pool-1] Usuario -> 292 nom:callcenter2@dyalogo.com
2019-04-03 10:48:02,796 INFO c.d.e.e.TareasAutomaticas [my-scheduled-task-pool-1] Usuario -> 294 nom:callcenter4@dyalogo.com
2019-04-03 10:48:02,797 INFO c.d.e.e.TareasAutomaticas [my-scheduled-task-pool-1] Usuario -> 295 nom:lili.melo@vozsobreip.com.co
2019-04-03 10:48:02,797 INFO c.d.e.e.TareasAutomaticas [my-scheduled-task-pool-1] Usuario -> 296 nom:callcenter5@dyalogo.com
2019-04-03 10:48:02,797 INFO c.d.e.e.TareasAutomaticas [my-scheduled-task-pool-1] Usuario -> 298 nom:ygomez@dyalogo.com
2019-04-03 10:48:02,797 INFO c.d.e.e.TareasAutomaticas [my-scheduled-task-pool-1] Usuario -> 299 nom:callcenter6@dyalogo.com
2019-04-03 10:48:02,800 INFO c.d.e.e.TareasAutomaticas [my-scheduled-task-pool-1] Usuario -> 300 nom:callcenter7@dyalogo.com
2019-04-03 10:48:02,801 INFO c.d.e.e.TareasAutomaticas [my-scheduled-task-pool-1] Usuario -> 301 nom:maria.camila@vozsobreip.com.co
2019-04-03 10:48:02,801 INFO c.d.e.e.TareasAutomaticas [my-scheduled-task-pool-1] Usuario -> 303 nom:heidy.caro@vozsobreip.com.co
2019-04-03 10:48:02,801 INFO c.d.e.e.TareasAutomaticas [my-scheduled-task-pool-1] Usuario -> 304 nom:hcaro@vozsobreip.com.co
2019-04-03 10:48:02,801 INFO c.d.e.e.TareasAutomaticas [my-scheduled-task-pool-1] Usuario -> 305 nom:JCWitt@automundial.com
2019-04-03 10:48:02,801 INFO c.d.e.e.TareasAutomaticas [my-scheduled-task-pool-1] Usuario -> 306 nom:JCsuarez@automundial.com
2019-04-03 10:48:02,802 INFO c.d.e.e.TareasAutomaticas [my-scheduled-task-pool-1] Usuario -> 307 nom:JAescobar@automundial.com
2019-04-03 10:48:02,802 INFO c.d.e.e.TareasAutomaticas [my-scheduled-task-pool-1] Usuario -> 308 nom:nfnossa@automundial.com
2019-04-03 10:48:02,803 INFO c.d.e.e.TareasAutomaticas [my-scheduled-task-pool-1] Usuario -> 310 nom:yapinto@automundial.com
2019-04-03 10:48:02,803 INFO c.d.e.e.TareasAutomaticas [my-scheduled-task-pool-1] Usuario -> 312 nom:jacky.valencia@vozsobreip.com.co
2019-04-03 10:48:02,803 INFO c.d.e.e.TareasAutomaticas [my-scheduled-task-pool-1] Usuario -> 313 nom:jcastellanos@vozsobreip.com.co
2019-04-03 10:48:02,804 INFO c.d.e.e.TareasAutomaticas [my-scheduled-task-pool-1] Usuario -> 314 nom:nathalia.rodriguez@vozsobreip.com.co
2019-04-03 10:48:02,804 INFO c.d.e.e.TareasAutomaticas [my-scheduled-task-pool-1] Usuario -> 315 nom:natalia.rodriguez@vozsobreip.com
2019-04-03 10:48:02,804 INFO c.d.e.e.TareasAutomaticas [my-scheduled-task-pool-1] Usuario -> 316 nom:infinitum1@gmail.com
2019-04-03 10:48:02,805 INFO c.d.e.e.TareasAutomaticas [my-scheduled-task-pool-1] Usuario -> 317 nom:infinitum5@gmail.com
2019-04-03 10:48:02,805 INFO c.d.e.e.TareasAutomaticas [my-scheduled-task-pool-1] Usuario -> 318 nom:infinitum6@gmail.com
2019-04-03 10:48:02,805 INFO c.d.e.e.TareasAutomaticas [my-scheduled-task-pool-1] Usuario -> 319 nom:inpahu2@dyalogo.com
2019-04-03 10:48:02,805 INFO c.d.e.e.TareasAutomaticas [my-scheduled-task-pool-1] Usuario -> 320 nom:inpahu3@dyalogo.com
2019-04-03 10:48:02,805 INFO c.d.e.e.TareasAutomaticas [my-scheduled-task-pool-1] Usuario -> 321 nom:inpahu4@dyalogo.com
2019-04-03 10:48:02,806 INFO c.d.e.e.TareasAutomaticas [my-scheduled-task-pool-1] Usuario -> 322 nom:andres.pico@dyalogo.com
2019-04-03 10:48:02,806 INFO c.d.e.e.TareasAutomaticas [my-scheduled-task-pool-1] Usuario -> 323 nom:supervisorbpo2@dyalogo.com
2019-04-03 10:48:02,808 INFO c.d.e.e.TareasAutomaticas [my-scheduled-task-pool-1] Usuario -> 324 nom:marco.pico@dyalogo.com
2019-04-03 10:48:02,808 INFO c.d.e.e.TareasAutomaticas [my-scheduled-task-pool-1] Usuario -> 325 nom:inpahu5@dyalogo.com
2019-04-03 10:48:02,808 INFO c.d.e.e.TareasAutomaticas [my-scheduled-task-pool-1] Usuario -> 326 nom:nayibe.gordillo@dyalogo.com
2019-04-03 10:48:02,809 INFO c.d.e.e.TareasAutomaticas [my-scheduled-task-pool-1] Usuario -> 331 nom:exxis@exxisgroup.com
2019-04-03 10:48:02,809 INFO c.d.e.e.TareasAutomaticas [my-scheduled-task-pool-1] Usuario -> 332 nom:agente@exxisgroup.com
2019-04-03 10:48:02,809 INFO c.d.e.e.TareasAutomaticas [my-scheduled-task-pool-1] Usuario -> 333 nom:Jeffer.Cortes@exxisgroup.com
2019-04-03 10:48:02,809 INFO c.d.e.e.TareasAutomaticas [my-scheduled-task-pool-1] Usuario -> 334 nom:Jack@exxisgroup.com
2019-04-03 10:48:02,809 INFO c.d.e.e.TareasAutomaticas [my-scheduled-task-pool-1] Usuario -> 335 nom:Yeina@exxisgroup.com
2019-04-03 10:48:02,810 INFO c.d.e.e.TareasAutomaticas [my-scheduled-task-pool-1] Usuario -> 336 nom:Yudi@exxisgroup.com
2019-04-03 10:48:02,810 INFO c.d.e.e.TareasAutomaticas [my-scheduled-task-pool-1] Usuario -> 337 nom:Jackeline.Gallego@exxisgroup.com
2019-04-03 10:48:02,810 INFO c.d.e.e.TareasAutomaticas [my-scheduled-task-pool-1] Usuario -> 338 nom:Yeina.Vega@exxisgroup.com
2019-04-03 10:48:02,810 INFO c.d.e.e.TareasAutomaticas [my-scheduled-task-pool-1] Usuario -> 339 nom:Miledy.Aguilera@exxisgroup.com
2019-04-03 10:48:02,810 INFO c.d.e.e.TareasAutomaticas [my-scheduled-task-pool-1] Usuario -> 340 nom:comercial02@sumind.com.co
2019-04-03 10:48:02,810 INFO c.d.e.e.TareasAutomaticas [my-scheduled-task-pool-1] Usuario -> 341 nom:comercial03@sumind.com.co
2019-04-03 10:48:02,811 INFO c.d.e.e.TareasAutomaticas [my-scheduled-task-pool-1] Usuario -> 342 nom:servicioalcliente3@sumind.com.co
2019-04-03 10:48:02,811 INFO c.d.e.e.TareasAutomaticas [my-scheduled-task-pool-1] Usuario -> 343 nom:comercial04@sumind.com.co
2019-04-03 10:48:02,811 INFO c.d.e.e.TareasAutomaticas [my-scheduled-task-pool-1] Usuario -> 344 nom:agente1clinica@lafam.com
2019-04-03 10:48:02,811 INFO c.d.e.e.TareasAutomaticas [my-scheduled-task-pool-1] Usuario -> 345 nom:agente2clinica@lafam.com
2019-04-03 10:48:02,811 INFO c.d.e.e.TareasAutomaticas [my-scheduled-task-pool-1] Usuario -> 346 nom:infinitum2018@dyalogo.com
2019-04-03 10:48:02,812 INFO c.d.e.e.TareasAutomaticas [my-scheduled-task-pool-1] Usuario -> 347 nom:otraprueba@xxx.com
2019-04-03 10:48:02,812 INFO c.d.e.e.TareasAutomaticas [my-scheduled-task-pool-1] Usuario -> 348 nom:pruebasisec@isec.com
2019-04-03 10:48:02,812 INFO c.d.e.e.TareasAutomaticas [my-scheduled-task-pool-1] Usuario -> 349 nom:pzuluaga@dyalogo.com
2019-04-03 10:48:02,812 INFO c.d.e.e.TareasAutomaticas [my-scheduled-task-pool-1] Usuario -> 350 nom:apalomino@uninpahu.edu.co
2019-04-03 10:48:02,813 INFO c.d.e.e.TareasAutomaticas [my-scheduled-task-pool-1] Usuario -> 352 nom:pruebas@fincaraiz.com.co
2019-04-03 10:48:02,814 INFO c.d.e.e.TareasAutomaticas [my-scheduled-task-pool-1] Usuario -> 353 nom:mariacarolina.arenas@bata.com
2019-04-03 10:48:02,814 INFO c.d.e.e.TareasAutomaticas [my-scheduled-task-pool-1] Usuario -> 354 nom:salibel@hotmail.com
2019-04-03 10:48:02,815 INFO c.d.e.e.TareasAutomaticas [my-scheduled-task-pool-1] Usuario -> 355 nom:ricardo.montes@dyalogo.com
2019-04-03 10:48:02,815 INFO c.d.e.e.TareasAutomaticas [my-scheduled-task-pool-1] Usuario -> 356 nom:calidad@vozsobreip.com.co
2019-04-03 10:48:02,815 INFO c.d.e.e.TareasAutomaticas [my-scheduled-task-pool-1] Usuario -> 357 nom:ricardo.montes@dyalogo.com
2019-04-03 10:48:02,815 INFO c.d.e.e.TareasAutomaticas [my-scheduled-task-pool-1] Usuario -> 358 nom:uninpahu6@dyalogo.com
2019-04-03 10:48:02,815 INFO c.d.e.e.TareasAutomaticas [my-scheduled-task-pool-1] Usuario -> 360 nom:frtelesalemariosop@gmail.com
2019-04-03 10:48:02,816 INFO c.d.e.e.TareasAutomaticas [my-scheduled-task-pool-1] Usuario -> 361 nom:frtelesalesaidaamas@gmail.com
2019-04-03 10:48:02,816 INFO c.d.e.e.TareasAutomaticas [my-scheduled-task-pool-1] Usuario -> 362 nom:frtelesaleleidruiq@gmail.com
2019-04-03 10:48:02,816 INFO c.d.e.e.TareasAutomaticas [my-scheduled-task-pool-1] Usuario -> 363 nom:frtelesaletatiesteb@gmail.com
2019-04-03 10:48:02,816 INFO c.d.e.e.TareasAutomaticas [my-scheduled-task-pool-1] Usuario -> 364 nom:frtelesaleemmvarep@gmail.com
2019-04-03 10:48:02,816 INFO c.d.e.e.TareasAutomaticas [my-scheduled-task-pool-1] Usuario -> 365 nom:frtelesalerichdiac@gmail.com
2019-04-03 10:48:02,817 INFO c.d.e.e.TareasAutomaticas [my-scheduled-task-pool-1] Usuario -> 366 nom:frtelesalejuanvels@gmail.com
2019-04-03 10:48:02,817 INFO c.d.e.e.TareasAutomaticas [my-scheduled-task-pool-1] Usuario -> 367 nom:frtelesalemargacer@gmail.com
2019-04-03 10:48:02,818 INFO c.d.e.e.TareasAutomaticas [my-scheduled-task-pool-1] Usuario -> 368 nom:frtelesaleferntiqb@gmail.com
2019-04-03 10:48:02,819 INFO c.d.e.e.TareasAutomaticas [my-scheduled-task-pool-1] Usuario -> 369 nom:frtelesalemaripesm@gmail.com
2019-04-03 10:48:02,819 INFO c.d.e.e.TareasAutomaticas [my-scheduled-task-pool-1] Usuario -> 370 nom:backoffice@uninpahu.edu.co
2019-04-03 10:48:02,820 INFO c.d.e.e.TareasAutomaticas [my-scheduled-task-pool-1] Usuario -> 373 nom:agente3clinica@lafam.com
2019-04-03 10:48:02,821 INFO c.d.e.e.TareasAutomaticas [my-scheduled-task-pool-1] Usuario -> 374 nom:inpahu6@dyalogo.com
2019-04-03 10:48:02,822 INFO c.d.e.e.TareasAutomaticas [my-scheduled-task-pool-1] Usuario -> 375 nom:inpahu7@dyalogo.com
2019-04-03 10:48:02,822 INFO c.d.e.e.TareasAutomaticas [my-scheduled-task-pool-1] Usuario -> 377 nom:freshtoilet@gmail.com
2019-04-03 10:48:02,823 INFO c.d.e.e.TareasAutomaticas [my-scheduled-task-pool-1] Usuario -> 378 nom:alexa.talero.enciso@gmail.com
2019-04-03 10:48:02,823 INFO c.d.e.e.TareasAutomaticas [my-scheduled-task-pool-1] Usuario -> 379 nom:liz.valero.17@gmail.com
2019-04-03 10:48:02,823 INFO c.d.e.e.TareasAutomaticas [my-scheduled-task-pool-1] Usuario -> 380 nom:ramonantonio96@hotmail.com
2019-04-03 10:48:02,824 INFO c.d.e.e.TareasAutomaticas [my-scheduled-task-pool-1] Usuario -> 381 nom:agenteclub@praderadepotosi.com
2019-04-03 10:48:02,824 INFO c.d.e.e.TareasAutomaticas [my-scheduled-task-pool-1] Usuario -> 382 nom:leonardogiron@outlook.es
2019-04-03 10:48:02,824 INFO c.d.e.e.TareasAutomaticas [my-scheduled-task-pool-1] Usuario -> 384 nom:montesricar@gmail.com
2019-04-03 10:48:02,825 INFO c.d.e.e.TareasAutomaticas [my-scheduled-task-pool-1] Usuario -> 385 nom:pruebanuevo1@dyalogo1.com
2019-04-03 10:48:06,088 INFO o.s.s.c.ExecutorConfigurationSupport [Thread-2] Shutting down ExecutorService 'applicationTaskExecutor'
2019-04-03 10:48:06,089 INFO o.s.o.j.AbstractEntityManagerFactoryBean [Thread-2] Closing JPA EntityManagerFactory for persistence unit 'default'
2019-04-03 10:48:06,093 INFO c.z.h.HikariDataSource [Thread-2] HikariPool-1 - Shutdown initiated...
2019-04-03 10:48:06,104 INFO c.z.h.HikariDataSource [Thread-2] HikariPool-1 - Shutdown completed.
